number,values_0,values_1,datetime_start,datetime_complete,duration,params_bagging_temperature,params_border_count,params_class_weight_positive,params_depth,params_k_neighbors,params_l2_leaf_reg,params_learning_rate,params_sampling_strategy,user_attrs_best_iteration,state
0,1.0,0.6293494704992436,2026-08-23 22:05:17.654855,2026-08-23 22:05:22.796436,0 days 00:00:05.141581,1.5601864044243652,66,4.370861069626263,8,9,5.059143643296369,0.22648248189516848,0.4348501673009197,4,COMPLETE
1,1.0,0.6147350643867426,2026-08-23 22:05:22.825227,2026-08-23 22:05:25.555602,0 days 00:00:02.730375,8.324426408004218,79,6.41003510568888,3,4,13.826189316223852,0.05675206026988748,0.5090949803242604,9,COMPLETE
2,0.9993131868131868,0.6140535978054442,2026-08-23 22:05:25.588476,2026-08-23 22:05:28.376830,0 days 00:00:02.788354,6.118528947223795,63,3.7381801866358395,6,5,2.200452743474107,0.0199473547030745,0.5752867891211308,4,COMPLETE
3,0.9855769230769231,0.6277340332458443,2026-08-23 22:05:28.393857,2026-08-23 22:05:31.432287,0 days 00:00:03.038430,5.924145688620425,42,5.104629857953324,4,4,4.025192252635065,0.08810003129071789,0.764526911140863,48,COMPLETE
4,0.9938186813186813,0.6254592608601686,2026-08-23 22:05:31.456157,2026-08-23 22:05:37.692225,0 days 00:00:06.236068,3.0461376917337066,53,1.5854643368675156,10,6,8.927894610031046,0.22413234378101138,0.8105398159072941,0,COMPLETE
5,0.9917582417582418,0.6286460600783631,2026-08-23 22:05:37.709445,2026-08-23 22:05:48.990765,0 days 00:00:11.281320,2.587799816000169,180,2.0983441136030097,3,7,11.73393765991262,0.016850517723339092,0.5870266456536466,0,COMPLETE
6,1.0,0.6214255228339736,2026-08-23 22:05:49.008120,2026-08-23 22:05:58.553156,0 days 00:00:09.545036,9.394989415641891,232,5.920392514089517,10,10,8.158812228791566,0.002870165242185818,0.7587399872866512,4,COMPLETE
7,0.992445054945055,0.6271701388888888,2026-08-23 22:05:58.578071,2026-08-23 22:06:02.585914,0 days 00:00:04.007843,3.8867728968948203,92,1.7964325184672756,3,5,2.413338039141455,0.0030582523213789677,0.8972425054911576,14,COMPLETE
8,1.0,0.6308492201039861,2026-08-23 22:06:02.625336,2026-08-23 22:06:14.000142,0 days 00:00:11.374806,0.7455064367977082,253,3.5284105871864266,4,4,8.779238696445958,0.022096526145513846,0.8633468615779945,7,COMPLETE
9,0.9210164835164835,0.621840945977278,2026-08-23 22:06:14.020049,2026-08-23 22:06:20.984770,0 days 00:00:06.964721,7.712703466859457,48,1.0496990541124216,8,3,7.200770311577639,0.10471209213501693,0.6150794371265635,7,COMPLETE
10,0.9766483516483516,0.630458878297495,2026-08-23 22:06:21.010088,2026-08-23 22:06:33.148153,0 days 00:00:12.138065,0.23147085860041416,245,1.5778155022377975,6,5,4.205278064269695,0.006029267114923275,0.9548683102145461,67,COMPLETE
11,1.0,0.6278568348426046,2026-08-23 22:06:33.175481,2026-08-23 22:06:44.977358,0 days 00:00:11.801877,2.3122383530165758,205,3.973547552735059,4,3,11.189790026048907,0.021754979864312747,0.8104237984687462,37,COMPLETE
12,1.0,0.62382176520994,2026-08-23 22:06:44.990184,2026-08-23 22:07:00.989016,0 days 00:00:15.998832,0.22490190871551674,213,6.7008146112518086,6,7,7.227417627672944,0.006100519519060513,0.8172449207386359,51,COMPLETE
13,0.9965659340659341,0.6295010845986985,2026-08-23 22:07:01.006994,2026-08-23 22:07:13.737635,0 days 00:00:12.730641,2.028047801943793,243,3.7085300529304144,3,4,3.6656715296144187,0.12264747865632866,0.9152243624963814,25,COMPLETE
14,0.9945054945054945,0.6323144104803493,2026-08-23 22:07:13.757775,2026-08-23 22:07:29.011658,0 days 00:00:15.253883,3.775377948537903,171,3.4935232740468387,5,7,11.988315878578709,0.09518135233608654,0.9943783815604079,27,COMPLETE
15,1.0,0.6248927038626609,2026-08-23 22:07:29.027866,2026-08-23 22:07:37.143090,0 days 00:00:08.115224,6.711353387710458,146,5.738194389637337,6,8,8.373621276972683,0.15272336615800938,0.9009147387529459,14,COMPLETE
16,0.9993131868131868,0.6294613887086308,2026-08-23 22:07:37.158945,2026-08-23 22:07:41.374067,0 days 00:00:04.215122,2.0946510986154614,230,4.6827212588524025,6,7,10.716719766998517,0.1623052157878543,0.8658725919161673,15,COMPLETE
17,0.9896978021978022,0.629120279414975,2026-08-23 22:07:41.415482,2026-08-23 22:07:53.032530,0 days 00:00:11.617048,6.3132669537523025,179,1.537353063581875,7,4,5.2136303861710855,0.0358418716301479,0.8989580393200677,0,COMPLETE
18,0.9752747252747253,0.6327985739750446,2026-08-23 22:07:53.053880,2026-08-23 22:08:02.945344,0 days 00:00:09.891464,4.004914082910212,248,1.7597513691721247,6,4,12.191434440036222,0.006914380483292628,0.6223211868503016,235,COMPLETE
19,1.0,0.6285344269371897,2026-08-23 22:08:02.967209,2026-08-23 22:08:10.312274,0 days 00:00:07.345065,1.0678181423966866,252,7.641712994451744,6,3,4.485354839106926,0.017426042231344124,0.9296978051950984,115,COMPLETE
20,0.9993131868131868,0.6268849633778544,2026-08-23 22:08:10.337386,2026-08-23 22:08:14.675129,0 days 00:00:04.337743,4.8416410105888525,196,5.859487297967291,5,5,13.869619404137712,0.0013378834920040063,0.8066103565647236,16,COMPLETE
21,0.9869505494505495,0.6320650978667253,2026-08-23 22:08:14.703313,2026-08-23 22:08:25.478715,0 days 00:00:10.775402,1.2783685061398269,246,1.380262955737055,3,6,10.736162361195566,0.004283195724158603,0.8924057422734545,15,COMPLETE
22,0.9821428571428571,0.6305114638447972,2026-08-23 22:08:25.507248,2026-08-23 22:08:41.487224,0 days 00:00:15.979976,2.8777977158301815,178,1.9061851281829796,6,4,9.944356521430601,0.0010882415443804582,0.5473292189925854,45,COMPLETE
23,1.0,0.6277214917007976,2026-08-23 22:08:41.505074,2026-08-23 22:08:49.477893,0 days 00:00:07.972819,0.8289778622963466,252,5.695356377317964,4,5,8.4447040630199,0.05583565607094137,0.7974764510365823,23,COMPLETE
24,1.0,0.6308492201039861,2026-08-23 22:08:49.494933,2026-08-23 22:08:58.160314,0 days 00:00:08.665381,0.26126535872551426,249,3.4363913997133606,6,4,12.427590246695198,0.022045770637877056,0.9549470853577048,13,COMPLETE
25,0.9993131868131868,0.631236442516269,2026-08-23 22:08:58.217325,2026-08-23 22:09:10.506011,0 days 00:00:12.288686,6.2358405482911206,120,5.361684247757537,10,10,1.120352825702718,0.0011483157245435395,0.542051105432863,26,COMPLETE
26,0.9979395604395604,0.6311902693310165,2026-08-23 22:09:10.538243,2026-08-23 22:09:21.501004,0 days 00:00:10.962761,4.263466660940941,213,4.246112773050009,9,5,13.738091825861677,0.007648900033741713,0.7060936715641065,18,COMPLETE
27,0.9835164835164835,0.63069808412244,2026-08-23 22:09:21.521032,2026-08-23 22:09:38.223329,0 days 00:00:16.702297,3.1085936967938625,228,1.8841002672906026,6,4,7.681254354521328,0.02157451729270521,0.539553715857132,0,COMPLETE
28,0.9835164835164835,0.6336283185840708,2026-08-23 22:09:38.261178,2026-08-23 22:09:45.393001,0 days 00:00:07.131823,8.599803590555819,189,1.8459955038080345,5,4,8.703409561968995,0.012103083539119704,0.6207578001410605,121,COMPLETE
29,0.9917582417582418,0.6302924487123527,2026-08-23 22:09:45.419988,2026-08-23 22:09:50.461332,0 days 00:00:05.041344,9.626851537925525,165,2.5862672123369523,3,5,9.391191347110302,0.007896470754460923,0.49795295746753404,21,COMPLETE
30,0.989010989010989,0.628958287835772,2026-08-23 22:09:50.477506,2026-08-23 22:10:01.530458,0 days 00:00:11.052952,5.740974462847126,108,3.32918492140123,9,9,1.1803558468822442,0.0022280512841266753,0.6818361124614055,0,COMPLETE
31,1.0,0.6267757210503659,2026-08-23 22:10:01.557553,2026-08-23 22:10:17.519740,0 days 00:00:15.962187,8.889673028741363,205,4.847030691657636,6,6,6.146418374381009,0.009831156676122475,0.6919147904350891,38,COMPLETE
32,0.9649725274725275,0.6316026073274893,2026-08-23 22:10:17.537292,2026-08-23 22:10:25.538362,0 days 00:00:08.001070,7.4047233340634975,154,1.136651411511806,4,3,13.011413350486727,0.02981606777997445,0.6939992473053536,65,COMPLETE
33,0.9931318681318682,0.631578947368421,2026-08-23 22:10:25.561201,2026-08-23 22:10:38.185064,0 days 00:00:12.623863,8.458088815626251,208,2.5494253865890837,6,4,6.241378653261488,0.0254229350508009,0.5086885586640469,8,COMPLETE
34,0.9739010989010989,0.6310636404094349,2026-08-23 22:10:38.223509,2026-08-23 22:10:45.535832,0 days 00:00:07.312323,7.551584212700778,226,1.3955478916586883,4,5,5.173595958570351,0.008758068088602328,0.6416532854449073,13,COMPLETE
35,0.9883241758241759,0.6316944688323091,2026-08-23 22:10:45.557879,2026-08-23 22:11:01.543141,0 days 00:00:15.985262,8.958829406787025,242,3.245631789209209,4,3,10.06353073326992,0.0104553538023882,0.6654632215435908,4,COMPLETE
36,0.989010989010989,0.6310254163014899,2026-08-23 22:11:01.580811,2026-08-23 22:11:10.188228,0 days 00:00:08.607417,6.7092716652696405,145,2.9746017949309156,6,5,9.450076564074953,0.0089301887858141,0.5863816877177233,43,COMPLETE
37,1.0,0.6298940082197707,2026-08-23 22:11:10.204121,2026-08-23 22:11:26.171535,0 days 00:00:15.967414,3.5608843802893833,165,3.307261960889471,4,9,3.866807538177863,0.04349177879304808,0.8696910849761386,2,COMPLETE
38,1.0,0.6074259491030455,2026-08-23 22:11:26.189542,2026-08-23 22:11:34.665247,0 days 00:00:08.475705,1.7660476540036827,44,1.5024423875411075,9,3,8.151767370335644,0.002504227290612675,0.9487049519997374,1,COMPLETE
39,0.9821428571428571,0.6305114638447972,2026-08-23 22:11:34.706121,2026-08-23 22:11:45.561208,0 days 00:00:10.855087,9.639807591522136,180,2.5837741479614964,3,6,3.9966156807992808,0.14698309861496017,0.7666132891296145,13,COMPLETE
